DEPRECATION WARNING: You didn't set `secret_key_base`. Read the upgrade documentation to learn more about this new config option. (called from env_config at /home/spencerwu/.rvm/gems/ruby-2.3.0/gems/railties-5.0.1/lib/rails/application.rb:246)
DEPRECATION WARNING: You didn't set `secret_key_base`. Read the upgrade documentation to learn more about this new config option. (called from env_config at /home/spencerwu/.rvm/gems/ruby-2.3.0/gems/railties-5.0.1/lib/rails/application.rb:246)
DEPRECATION WARNING: You didn't set `secret_key_base`. Read the upgrade documentation to learn more about this new config option. (called from env_config at /home/spencerwu/.rvm/gems/ruby-2.3.0/gems/railties-5.0.1/lib/rails/application.rb:246)
DEPRECATION WARNING: You didn't set `secret_key_base`. Read the upgrade documentation to learn more about this new config option. (called from env_config at /home/spencerwu/.rvm/gems/ruby-2.3.0/gems/railties-5.0.1/lib/rails/application.rb:246)
DEPRECATION WARNING: You didn't set `secret_key_base`. Read the upgrade documentation to learn more about this new config option. (called from env_config at /home/spencerwu/.rvm/gems/ruby-2.3.0/gems/railties-5.0.1/lib/rails/application.rb:246)
Started GET "/" for ::1 at 2017-02-14 17:11:23 +0800
  
ActiveRecord::PendingMigrationError (

Migrations are pending. To resolve this issue, run:

        bin/rails db:migrate RAILS_ENV=development

):
  
activerecord (5.0.1) lib/active_record/migration.rb:573:in `check_pending!'
activerecord (5.0.1) lib/active_record/migration.rb:549:in `call'
actionpack (5.0.1) lib/action_dispatch/middleware/callbacks.rb:38:in `block in call'
activesupport (5.0.1) lib/active_support/callbacks.rb:97:in `__run_callbacks__'
activesupport (5.0.1) lib/active_support/callbacks.rb:750:in `_run_call_callbacks'
activesupport (5.0.1) lib/active_support/callbacks.rb:90:in `run_callbacks'
actionpack (5.0.1) lib/action_dispatch/middleware/callbacks.rb:36:in `call'
actionpack (5.0.1) lib/action_dispatch/middleware/executor.rb:12:in `call'
actionpack (5.0.1) lib/action_dispatch/middleware/remote_ip.rb:79:in `call'
actionpack (5.0.1) lib/action_dispatch/middleware/debug_exceptions.rb:49:in `call'
web-console (3.4.0) lib/web_console/middleware.rb:135:in `call_app'
web-console (3.4.0) lib/web_console/middleware.rb:28:in `block in call'
web-console (3.4.0) lib/web_console/middleware.rb:18:in `catch'
web-console (3.4.0) lib/web_console/middleware.rb:18:in `call'
actionpack (5.0.1) lib/action_dispatch/middleware/show_exceptions.rb:31:in `call'
railties (5.0.1) lib/rails/rack/logger.rb:36:in `call_app'
railties (5.0.1) lib/rails/rack/logger.rb:24:in `block in call'
activesupport (5.0.1) lib/active_support/tagged_logging.rb:69:in `block in tagged'
activesupport (5.0.1) lib/active_support/tagged_logging.rb:26:in `tagged'
activesupport (5.0.1) lib/active_support/tagged_logging.rb:69:in `tagged'
railties (5.0.1) lib/rails/rack/logger.rb:24:in `call'
sprockets-rails (3.2.0) lib/sprockets/rails/quiet_assets.rb:13:in `call'
actionpack (5.0.1) lib/action_dispatch/middleware/request_id.rb:24:in `call'
rack (2.0.1) lib/rack/method_override.rb:22:in `call'
rack (2.0.1) lib/rack/runtime.rb:22:in `call'
activesupport (5.0.1) lib/active_support/cache/strategy/local_cache_middleware.rb:28:in `call'
actionpack (5.0.1) lib/action_dispatch/middleware/executor.rb:12:in `call'
actionpack (5.0.1) lib/action_dispatch/middleware/static.rb:136:in `call'
rack (2.0.1) lib/rack/sendfile.rb:111:in `call'
railties (5.0.1) lib/rails/engine.rb:522:in `call'
puma (3.6.2) lib/puma/configuration.rb:225:in `call'
puma (3.6.2) lib/puma/server.rb:578:in `handle_request'
puma (3.6.2) lib/puma/server.rb:415:in `process_client'
puma (3.6.2) lib/puma/server.rb:275:in `block in run'
puma (3.6.2) lib/puma/thread_pool.rb:116:in `block in spawn_thread'
  Rendering /home/spencerwu/.rvm/gems/ruby-2.3.0/gems/actionpack-5.0.1/lib/action_dispatch/middleware/templates/rescues/diagnostics.html.erb within rescues/layout
  Rendering /home/spencerwu/.rvm/gems/ruby-2.3.0/gems/actionpack-5.0.1/lib/action_dispatch/middleware/templates/rescues/_source.html.erb
  Rendered /home/spencerwu/.rvm/gems/ruby-2.3.0/gems/actionpack-5.0.1/lib/action_dispatch/middleware/templates/rescues/_source.html.erb (8.5ms)
  Rendering /home/spencerwu/.rvm/gems/ruby-2.3.0/gems/actionpack-5.0.1/lib/action_dispatch/middleware/templates/rescues/_trace.html.erb
  Rendered /home/spencerwu/.rvm/gems/ruby-2.3.0/gems/actionpack-5.0.1/lib/action_dispatch/middleware/templates/rescues/_trace.html.erb (0.8ms)
  Rendering /home/spencerwu/.rvm/gems/ruby-2.3.0/gems/actionpack-5.0.1/lib/action_dispatch/middleware/templates/rescues/_request_and_response.html.erb
  Rendered /home/spencerwu/.rvm/gems/ruby-2.3.0/gems/actionpack-5.0.1/lib/action_dispatch/middleware/templates/rescues/_request_and_response.html.erb (0.4ms)
  Rendered /home/spencerwu/.rvm/gems/ruby-2.3.0/gems/actionpack-5.0.1/lib/action_dispatch/middleware/templates/rescues/diagnostics.html.erb within rescues/layout (21.5ms)
  [1m[35m (75.6ms)[0m  [1m[35mCREATE TABLE "schema_migrations" ("version" varchar NOT NULL PRIMARY KEY)[0m
  [1m[35m (79.4ms)[0m  [1m[35mCREATE TABLE "ar_internal_metadata" ("key" varchar NOT NULL PRIMARY KEY, "value" varchar, "created_at" datetime NOT NULL, "updated_at" datetime NOT NULL)[0m
  [1m[36mActiveRecord::SchemaMigration Load (0.2ms)[0m  [1m[34mSELECT "schema_migrations".* FROM "schema_migrations"[0m
Migrating to CreateProducts (20170202074754)
  [1m[35m (0.1ms)[0m  [1m[36mbegin transaction[0m
  [1m[35m (0.6ms)[0m  [1m[35mCREATE TABLE "products" ("id" INTEGER PRIMARY KEY AUTOINCREMENT NOT NULL, "title" varchar, "image" varchar, "description" text, "price" integer, "created_at" datetime NOT NULL, "updated_at" datetime NOT NULL)[0m
  [1m[35mSQL (0.2ms)[0m  [1m[32mINSERT INTO "schema_migrations" ("version") VALUES (?)[0m  [["version", "20170202074754"]]
  [1m[35m (86.0ms)[0m  [1m[36mcommit transaction[0m
Migrating to CreateOrders (20170202084724)
  [1m[35m (0.2ms)[0m  [1m[36mbegin transaction[0m
  [1m[35m (0.6ms)[0m  [1m[35mCREATE TABLE "orders" ("id" INTEGER PRIMARY KEY AUTOINCREMENT NOT NULL, "state" varchar, "product_id" integer, "type" varchar, "result" varchar, "created_at" datetime NOT NULL, "updated_at" datetime NOT NULL)[0m
  [1m[35m (0.2ms)[0m  [1m[34mselect sqlite_version(*)[0m
  [1m[35m (0.4ms)[0m  [1m[35mCREATE  INDEX "index_orders_on_product_id" ON "orders" ("product_id")[0m
  [1m[35mSQL (0.3ms)[0m  [1m[32mINSERT INTO "schema_migrations" ("version") VALUES (?)[0m  [["version", "20170202084724"]]
  [1m[35m (84.5ms)[0m  [1m[36mcommit transaction[0m
Migrating to AddInfoToOrders (20170212175123)
  [1m[35m (0.1ms)[0m  [1m[36mbegin transaction[0m
  [1m[35m (0.7ms)[0m  [1m[35mALTER TABLE "orders" ADD "name" varchar[0m
  [1m[35m (0.5ms)[0m  [1m[35mALTER TABLE "orders" ADD "mobile" varchar[0m
  [1m[35m (0.4ms)[0m  [1m[35mALTER TABLE "orders" ADD "email" varchar[0m
  [1m[35m (0.4ms)[0m  [1m[35mALTER TABLE "orders" ADD "school" varchar[0m
  [1m[35m (0.4ms)[0m  [1m[35mALTER TABLE "orders" ADD "department" varchar[0m
  [1m[35mSQL (0.2ms)[0m  [1m[32mINSERT INTO "schema_migrations" ("version") VALUES (?)[0m  [["version", "20170212175123"]]
  [1m[35m (50.1ms)[0m  [1m[36mcommit transaction[0m
Migrating to CreateGalleryImages (20170212180757)
  [1m[35m (0.2ms)[0m  [1m[36mbegin transaction[0m
  [1m[35m (0.6ms)[0m  [1m[35mCREATE TABLE "gallery_images" ("id" INTEGER PRIMARY KEY AUTOINCREMENT NOT NULL, "image" varchar, "alt" varchar, "created_at" datetime NOT NULL, "updated_at" datetime NOT NULL)[0m
  [1m[35mSQL (0.3ms)[0m  [1m[32mINSERT INTO "schema_migrations" ("version") VALUES (?)[0m  [["version", "20170212180757"]]
  [1m[35m (83.5ms)[0m  [1m[36mcommit transaction[0m
Migrating to CreatePaymentConfigs (20170213141616)
  [1m[35m (0.2ms)[0m  [1m[36mbegin transaction[0m
  [1m[35m (0.6ms)[0m  [1m[35mCREATE TABLE "payment_configs" ("id" INTEGER PRIMARY KEY AUTOINCREMENT NOT NULL, "created_at" datetime NOT NULL, "updated_at" datetime NOT NULL)[0m
  [1m[35mSQL (0.3ms)[0m  [1m[32mINSERT INTO "schema_migrations" ("version") VALUES (?)[0m  [["version", "20170213141616"]]
  [1m[35m (86.9ms)[0m  [1m[36mcommit transaction[0m
Migrating to AddColumnsToPaymentConfigs (20170213141727)
  [1m[35m (0.1ms)[0m  [1m[36mbegin transaction[0m
  [1m[35m (0.6ms)[0m  [1m[35mALTER TABLE "payment_configs" ADD "description" varchar[0m
  [1m[35m (0.5ms)[0m  [1m[35mALTER TABLE "payment_configs" ADD "hash_key" varchar[0m
  [1m[35m (0.5ms)[0m  [1m[35mALTER TABLE "payment_configs" ADD "hash_iv" varchar[0m
  [1m[35m (0.4ms)[0m  [1m[35mALTER TABLE "payment_configs" ADD "merchant_id" varchar[0m
  [1m[35m (0.4ms)[0m  [1m[35mALTER TABLE "payment_configs" ADD "respond_type" varchar[0m
  [1m[35m (0.4ms)[0m  [1m[35mALTER TABLE "payment_configs" ADD "lang_type" varchar[0m
  [1m[35m (0.4ms)[0m  [1m[35mALTER TABLE "payment_configs" ADD "credit" varchar[0m
  [1m[35m (0.4ms)[0m  [1m[35mALTER TABLE "payment_configs" ADD "cvs" varchar[0m
  [1m[35m (0.7ms)[0m  [1m[35mALTER TABLE "payment_configs" ADD "barcode" varchar[0m
  [1m[35m (0.6ms)[0m  [1m[35mALTER TABLE "payment_configs" ADD "version" varchar[0m
  [1m[35mSQL (0.3ms)[0m  [1m[32mINSERT INTO "schema_migrations" ("version") VALUES (?)[0m  [["version", "20170213141727"]]
  [1m[35m (51.5ms)[0m  [1m[36mcommit transaction[0m
Migrating to AddDefaultToPaymentConfig (20170213142149)
  [1m[35m (0.2ms)[0m  [1m[36mbegin transaction[0m
  [1m[35m (0.6ms)[0m  [1m[35mCREATE TEMPORARY TABLE "apayment_configs" ("id" INTEGER PRIMARY KEY AUTOINCREMENT NOT NULL, "created_at" datetime NOT NULL, "updated_at" datetime NOT NULL, "description" varchar, "hash_key" varchar, "hash_iv" varchar, "merchant_id" varchar, "respond_type" varchar, "lang_type" varchar, "credit" varchar, "cvs" varchar, "barcode" varchar, "version" varchar)[0m
  [1m[35m (0.3ms)[0m  [1m[32mINSERT INTO "apayment_configs" ("id","created_at","updated_at","description","hash_key","hash_iv","merchant_id","respond_type","lang_type","credit","cvs","barcode","version")
                     SELECT "id","created_at","updated_at","description","hash_key","hash_iv","merchant_id","respond_type","lang_type","credit","cvs","barcode","version" FROM "payment_configs"[0m
  [1m[35m (0.4ms)[0m  [1m[35mDROP TABLE "payment_configs"[0m
  [1m[35m (0.4ms)[0m  [1m[35mCREATE TABLE "payment_configs" ("id" INTEGER PRIMARY KEY AUTOINCREMENT NOT NULL, "created_at" datetime NOT NULL, "updated_at" datetime NOT NULL, "description" varchar, "hash_key" varchar, "hash_iv" varchar, "merchant_id" varchar, "respond_type" varchar DEFAULT 'JSON', "lang_type" varchar, "credit" varchar, "cvs" varchar, "barcode" varchar, "version" varchar)[0m
  [1m[35m (0.3ms)[0m  [1m[32mINSERT INTO "payment_configs" ("id","created_at","updated_at","description","hash_key","hash_iv","merchant_id","respond_type","lang_type","credit","cvs","barcode","version")
                     SELECT "id","created_at","updated_at","description","hash_key","hash_iv","merchant_id","respond_type","lang_type","credit","cvs","barcode","version" FROM "apayment_configs"[0m
  [1m[35m (0.3ms)[0m  [1m[35mDROP TABLE "apayment_configs"[0m
  [1m[35m (1.0ms)[0m  [1m[35mCREATE TEMPORARY TABLE "apayment_configs" ("id" INTEGER PRIMARY KEY AUTOINCREMENT NOT NULL, "created_at" datetime NOT NULL, "updated_at" datetime NOT NULL, "description" varchar, "hash_key" varchar, "hash_iv" varchar, "merchant_id" varchar, "respond_type" varchar DEFAULT 'JSON', "lang_type" varchar, "credit" varchar, "cvs" varchar, "barcode" varchar, "version" varchar)[0m
  [1m[35m (0.2ms)[0m  [1m[32mINSERT INTO "apayment_configs" ("id","created_at","updated_at","description","hash_key","hash_iv","merchant_id","respond_type","lang_type","credit","cvs","barcode","version")
                     SELECT "id","created_at","updated_at","description","hash_key","hash_iv","merchant_id","respond_type","lang_type","credit","cvs","barcode","version" FROM "payment_configs"[0m
  [1m[35m (0.3ms)[0m  [1m[35mDROP TABLE "payment_configs"[0m
  [1m[35m (0.3ms)[0m  [1m[35mCREATE TABLE "payment_configs" ("id" INTEGER PRIMARY KEY AUTOINCREMENT NOT NULL, "created_at" datetime NOT NULL, "updated_at" datetime NOT NULL, "description" varchar, "hash_key" varchar, "hash_iv" varchar, "merchant_id" varchar, "respond_type" varchar DEFAULT 'JSON', "lang_type" varchar DEFAULT 'zh-tw', "credit" varchar, "cvs" varchar, "barcode" varchar, "version" varchar)[0m
  [1m[35m (0.2ms)[0m  [1m[32mINSERT INTO "payment_configs" ("id","created_at","updated_at","description","hash_key","hash_iv","merchant_id","respond_type","lang_type","credit","cvs","barcode","version")
                     SELECT "id","created_at","updated_at","description","hash_key","hash_iv","merchant_id","respond_type","lang_type","credit","cvs","barcode","version" FROM "apayment_configs"[0m
  [1m[35m (0.2ms)[0m  [1m[35mDROP TABLE "apayment_configs"[0m
  [1m[35m (0.2ms)[0m  [1m[35mALTER TABLE "payment_configs" ADD "login_type" varchar DEFAULT '0'[0m
  [1m[35m (0.1ms)[0m  [1m[35mCREATE TEMPORARY TABLE "apayment_configs" ("id" INTEGER PRIMARY KEY AUTOINCREMENT NOT NULL, "created_at" datetime NOT NULL, "updated_at" datetime NOT NULL, "description" varchar, "hash_key" varchar, "hash_iv" varchar, "merchant_id" varchar, "respond_type" varchar DEFAULT 'JSON', "lang_type" varchar DEFAULT 'zh-tw', "credit" varchar, "cvs" varchar, "barcode" varchar, "version" varchar, "login_type" varchar DEFAULT '0')[0m
  [1m[35m (0.0ms)[0m  [1m[32mINSERT INTO "apayment_configs" ("id","created_at","updated_at","description","hash_key","hash_iv","merchant_id","respond_type","lang_type","credit","cvs","barcode","version","login_type")
                     SELECT "id","created_at","updated_at","description","hash_key","hash_iv","merchant_id","respond_type","lang_type","credit","cvs","barcode","version","login_type" FROM "payment_configs"[0m
  [1m[35m (0.1ms)[0m  [1m[35mDROP TABLE "payment_configs"[0m
  [1m[35m (0.1ms)[0m  [1m[35mCREATE TABLE "payment_configs" ("id" INTEGER PRIMARY KEY AUTOINCREMENT NOT NULL, "created_at" datetime NOT NULL, "updated_at" datetime NOT NULL, "description" varchar, "hash_key" varchar, "hash_iv" varchar, "merchant_id" varchar, "respond_type" varchar DEFAULT 'JSON', "lang_type" varchar DEFAULT 'zh-tw', "credit" varchar DEFAULT '1', "cvs" varchar, "barcode" varchar, "version" varchar, "login_type" varchar DEFAULT '0')[0m
  [1m[35m (0.0ms)[0m  [1m[32mINSERT INTO "payment_configs" ("id","created_at","updated_at","description","hash_key","hash_iv","merchant_id","respond_type","lang_type","credit","cvs","barcode","version","login_type")
                     SELECT "id","created_at","updated_at","description","hash_key","hash_iv","merchant_id","respond_type","lang_type","credit","cvs","barcode","version","login_type" FROM "apayment_configs"[0m
  [1m[35m (0.1ms)[0m  [1m[35mDROP TABLE "apayment_configs"[0m
  [1m[35m (0.1ms)[0m  [1m[35mCREATE TEMPORARY TABLE "apayment_configs" ("id" INTEGER PRIMARY KEY AUTOINCREMENT NOT NULL, "created_at" datetime NOT NULL, "updated_at" datetime NOT NULL, "description" varchar, "hash_key" varchar, "hash_iv" varchar, "merchant_id" varchar, "respond_type" varchar DEFAULT 'JSON', "lang_type" varchar DEFAULT 'zh-tw', "credit" varchar DEFAULT '1', "cvs" varchar, "barcode" varchar, "version" varchar, "login_type" varchar DEFAULT '0')[0m
  [1m[35m (0.1ms)[0m  [1m[32mINSERT INTO "apayment_configs" ("id","created_at","updated_at","description","hash_key","hash_iv","merchant_id","respond_type","lang_type","credit","cvs","barcode","version","login_type")
                     SELECT "id","created_at","updated_at","description","hash_key","hash_iv","merchant_id","respond_type","lang_type","credit","cvs","barcode","version","login_type" FROM "payment_configs"[0m
  [1m[35m (0.1ms)[0m  [1m[35mDROP TABLE "payment_configs"[0m
  [1m[35m (0.1ms)[0m  [1m[35mCREATE TABLE "payment_configs" ("id" INTEGER PRIMARY KEY AUTOINCREMENT NOT NULL, "created_at" datetime NOT NULL, "updated_at" datetime NOT NULL, "description" varchar, "hash_key" varchar, "hash_iv" varchar, "merchant_id" varchar, "respond_type" varchar DEFAULT 'JSON', "lang_type" varchar DEFAULT 'zh-tw', "credit" varchar DEFAULT '1', "cvs" varchar DEFAULT '1', "barcode" varchar, "version" varchar, "login_type" varchar DEFAULT '0')[0m
  [1m[35m (0.0ms)[0m  [1m[32mINSERT INTO "payment_configs" ("id","created_at","updated_at","description","hash_key","hash_iv","merchant_id","respond_type","lang_type","credit","cvs","barcode","version","login_type")
                     SELECT "id","created_at","updated_at","description","hash_key","hash_iv","merchant_id","respond_type","lang_type","credit","cvs","barcode","version","login_type" FROM "apayment_configs"[0m
  [1m[35m (0.1ms)[0m  [1m[35mDROP TABLE "apayment_configs"[0m
  [1m[35m (0.1ms)[0m  [1m[35mCREATE TEMPORARY TABLE "apayment_configs" ("id" INTEGER PRIMARY KEY AUTOINCREMENT NOT NULL, "created_at" datetime NOT NULL, "updated_at" datetime NOT NULL, "description" varchar, "hash_key" varchar, "hash_iv" varchar, "merchant_id" varchar, "respond_type" varchar DEFAULT 'JSON', "lang_type" varchar DEFAULT 'zh-tw', "credit" varchar DEFAULT '1', "cvs" varchar DEFAULT '1', "barcode" varchar, "version" varchar, "login_type" varchar DEFAULT '0')[0m
  [1m[35m (0.0ms)[0m  [1m[32mINSERT INTO "apayment_configs" ("id","created_at","updated_at","description","hash_key","hash_iv","merchant_id","respond_type","lang_type","credit","cvs","barcode","version","login_type")
                     SELECT "id","created_at","updated_at","description","hash_key","hash_iv","merchant_id","respond_type","lang_type","credit","cvs","barcode","version","login_type" FROM "payment_configs"[0m
  [1m[35m (0.1ms)[0m  [1m[35mDROP TABLE "payment_configs"[0m
  [1m[35m (0.1ms)[0m  [1m[35mCREATE TABLE "payment_configs" ("id" INTEGER PRIMARY KEY AUTOINCREMENT NOT NULL, "created_at" datetime NOT NULL, "updated_at" datetime NOT NULL, "description" varchar, "hash_key" varchar, "hash_iv" varchar, "merchant_id" varchar, "respond_type" varchar DEFAULT 'JSON', "lang_type" varchar DEFAULT 'zh-tw', "credit" varchar DEFAULT '1', "cvs" varchar DEFAULT '1', "barcode" varchar DEFAULT '1', "version" varchar, "login_type" varchar DEFAULT '0')[0m
  [1m[35m (0.1ms)[0m  [1m[32mINSERT INTO "payment_configs" ("id","created_at","updated_at","description","hash_key","hash_iv","merchant_id","respond_type","lang_type","credit","cvs","barcode","version","login_type")
                     SELECT "id","created_at","updated_at","description","hash_key","hash_iv","merchant_id","respond_type","lang_type","credit","cvs","barcode","version","login_type" FROM "apayment_configs"[0m
  [1m[35m (0.1ms)[0m  [1m[35mDROP TABLE "apayment_configs"[0m
  [1m[35m (0.1ms)[0m  [1m[35mCREATE TEMPORARY TABLE "apayment_configs" ("id" INTEGER PRIMARY KEY AUTOINCREMENT NOT NULL, "created_at" datetime NOT NULL, "updated_at" datetime NOT NULL, "description" varchar, "hash_key" varchar, "hash_iv" varchar, "merchant_id" varchar, "respond_type" varchar DEFAULT 'JSON', "lang_type" varchar DEFAULT 'zh-tw', "credit" varchar DEFAULT '1', "cvs" varchar DEFAULT '1', "barcode" varchar DEFAULT '1', "version" varchar, "login_type" varchar DEFAULT '0')[0m
  [1m[35m (0.1ms)[0m  [1m[32mINSERT INTO "apayment_configs" ("id","created_at","updated_at","description","hash_key","hash_iv","merchant_id","respond_type","lang_type","credit","cvs","barcode","version","login_type")
                     SELECT "id","created_at","updated_at","description","hash_key","hash_iv","merchant_id","respond_type","lang_type","credit","cvs","barcode","version","login_type" FROM "payment_configs"[0m
  [1m[35m (0.1ms)[0m  [1m[35mDROP TABLE "payment_configs"[0m
  [1m[35m (0.1ms)[0m  [1m[35mCREATE TABLE "payment_configs" ("id" INTEGER PRIMARY KEY AUTOINCREMENT NOT NULL, "created_at" datetime NOT NULL, "updated_at" datetime NOT NULL, "description" varchar, "hash_key" varchar, "hash_iv" varchar, "merchant_id" varchar, "respond_type" varchar DEFAULT 'JSON', "lang_type" varchar DEFAULT 'zh-tw', "credit" varchar DEFAULT '1', "cvs" varchar DEFAULT '1', "barcode" varchar DEFAULT '1', "version" varchar DEFAULT '1.2', "login_type" varchar DEFAULT '0')[0m
  [1m[35m (0.1ms)[0m  [1m[32mINSERT INTO "payment_configs" ("id","created_at","updated_at","description","hash_key","hash_iv","merchant_id","respond_type","lang_type","credit","cvs","barcode","version","login_type")
                     SELECT "id","created_at","updated_at","description","hash_key","hash_iv","merchant_id","respond_type","lang_type","credit","cvs","barcode","version","login_type" FROM "apayment_configs"[0m
  [1m[35m (0.1ms)[0m  [1m[35mDROP TABLE "apayment_configs"[0m
  [1m[35mSQL (0.3ms)[0m  [1m[32mINSERT INTO "schema_migrations" ("version") VALUES (?)[0m  [["version", "20170213142149"]]
  [1m[35m (54.9ms)[0m  [1m[36mcommit transaction[0m
Migrating to AddApiToPaymentConfig (20170213162021)
  [1m[35m (0.1ms)[0m  [1m[36mbegin transaction[0m
  [1m[35m (0.2ms)[0m  [1m[35mALTER TABLE "payment_configs" ADD "production_api" varchar DEFAULT 'https://api.spgateway.com/MPG/mpg_gateway'[0m
  [1m[35m (0.5ms)[0m  [1m[35mALTER TABLE "payment_configs" ADD "staging_api" varchar DEFAULT 'https://capi.spgateway.com/MPG/mpg_gateway'[0m
  [1m[35mSQL (0.1ms)[0m  [1m[32mINSERT INTO "schema_migrations" ("version") VALUES (?)[0m  [["version", "20170213162021"]]
  [1m[35m (42.3ms)[0m  [1m[36mcommit transaction[0m
  [1m[36mActiveRecord::InternalMetadata Load (0.3ms)[0m  [1m[34mSELECT  "ar_internal_metadata".* FROM "ar_internal_metadata" WHERE "ar_internal_metadata"."key" = ? LIMIT ?[0m  [["key", :environment], ["LIMIT", 1]]
  [1m[35m (0.1ms)[0m  [1m[36mbegin transaction[0m
  [1m[35mSQL (0.4ms)[0m  [1m[32mINSERT INTO "ar_internal_metadata" ("key", "value", "created_at", "updated_at") VALUES (?, ?, ?, ?)[0m  [["key", "environment"], ["value", "development"], ["created_at", 2017-02-14 09:11:44 UTC], ["updated_at", 2017-02-14 09:11:44 UTC]]
  [1m[35m (46.4ms)[0m  [1m[36mcommit transaction[0m
  [1m[36mActiveRecord::SchemaMigration Load (0.2ms)[0m  [1m[34mSELECT "schema_migrations".* FROM "schema_migrations"[0m
  [1m[35m (0.2ms)[0m  [1m[34m            SELECT sql
            FROM sqlite_master
            WHERE name='index_orders_on_product_id' AND type='index'
            UNION ALL
            SELECT sql
            FROM sqlite_temp_master
            WHERE name='index_orders_on_product_id' AND type='index'
[0m
Started GET "/" for ::1 at 2017-02-14 17:11:52 +0800
  [1m[36mActiveRecord::SchemaMigration Load (0.1ms)[0m  [1m[34mSELECT "schema_migrations".* FROM "schema_migrations"[0m
Started GET "/pages/index" for ::1 at 2017-02-14 17:12:02 +0800
Processing by PagesController#index as HTML
  Rendering pages/index.html.erb within layouts/application
  [1m[36mProduct Load (0.1ms)[0m  [1m[34mSELECT "products".* FROM "products"[0m
  [1m[35m (0.1ms)[0m  [1m[34mSELECT COUNT(*) FROM "gallery_images"[0m
  [1m[36mGalleryImage Load (0.1ms)[0m  [1m[34mSELECT "gallery_images".* FROM "gallery_images"[0m
  Rendered pages/index.html.erb within layouts/application (1585.8ms)
Completed 200 OK in 1644ms (Views: 1635.9ms | ActiveRecord: 0.5ms)


Started GET "/products" for ::1 at 2017-02-14 17:12:06 +0800
Processing by ProductsController#index as HTML
  Rendering products/index.html.erb within layouts/application
  [1m[36mProduct Load (0.3ms)[0m  [1m[34mSELECT "products".* FROM "products"[0m
  Rendered products/index.html.erb within layouts/application (1.6ms)
Completed 200 OK in 19ms (Views: 18.0ms | ActiveRecord: 0.3ms)


Started GET "/admin" for ::1 at 2017-02-14 17:12:12 +0800
Processing by Admin::ProductsController#index as HTML
Filter chain halted as :authenticate_admin rendered or redirected
Completed 401 Unauthorized in 0ms (ActiveRecord: 0.0ms)


Started GET "/admin" for ::1 at 2017-02-14 17:12:17 +0800
Processing by Admin::ProductsController#index as HTML
  Rendering /home/spencerwu/.rvm/gems/ruby-2.3.0/gems/administrate-0.3.0/app/views/administrate/application/index.html.erb within layouts/administrate/application
  Rendered /home/spencerwu/.rvm/gems/ruby-2.3.0/gems/administrate-0.3.0/app/views/administrate/application/_search.html.erb (2.1ms)
  [1m[36mProduct Load (0.3ms)[0m  [1m[34mSELECT  "products".* FROM "products" LIMIT ? OFFSET ?[0m  [["LIMIT", 20], ["OFFSET", 0]]
  Rendered /home/spencerwu/.rvm/gems/ruby-2.3.0/gems/administrate-0.3.0/app/views/administrate/application/_collection.html.erb (4.2ms)
  [1m[35m (0.0ms)[0m  [1m[34mSELECT COUNT(*) FROM "products"[0m
  Rendered /home/spencerwu/.rvm/gems/ruby-2.3.0/gems/administrate-0.3.0/app/views/administrate/application/index.html.erb within layouts/administrate/application (19.0ms)
  Rendered /home/spencerwu/.rvm/gems/ruby-2.3.0/gems/administrate-0.3.0/app/views/administrate/application/_stylesheet.html.erb (15.1ms)
  Rendered /home/spencerwu/.rvm/gems/ruby-2.3.0/gems/administrate-0.3.0/app/views/administrate/application/_sidebar.html.erb (5.0ms)
  Rendered /home/spencerwu/.rvm/gems/ruby-2.3.0/gems/administrate-0.3.0/app/views/administrate/application/_flashes.html.erb (0.3ms)
  Rendered /home/spencerwu/.rvm/gems/ruby-2.3.0/gems/administrate-0.3.0/app/views/administrate/application/_javascript.html.erb (69.6ms)
Completed 200 OK in 124ms (Views: 118.3ms | ActiveRecord: 0.3ms)


Started GET "/admin/products" for ::1 at 2017-02-14 17:12:21 +0800
Processing by Admin::ProductsController#index as HTML
  Rendering /home/spencerwu/.rvm/gems/ruby-2.3.0/gems/administrate-0.3.0/app/views/administrate/application/index.html.erb within layouts/administrate/application
  Rendered /home/spencerwu/.rvm/gems/ruby-2.3.0/gems/administrate-0.3.0/app/views/administrate/application/_search.html.erb (1.8ms)
  [1m[36mProduct Load (0.1ms)[0m  [1m[34mSELECT  "products".* FROM "products" LIMIT ? OFFSET ?[0m  [["LIMIT", 20], ["OFFSET", 0]]
  Rendered /home/spencerwu/.rvm/gems/ruby-2.3.0/gems/administrate-0.3.0/app/views/administrate/application/_collection.html.erb (2.2ms)
  [1m[35m (0.1ms)[0m  [1m[34mSELECT COUNT(*) FROM "products"[0m
  Rendered /home/spencerwu/.rvm/gems/ruby-2.3.0/gems/administrate-0.3.0/app/views/administrate/application/index.html.erb within layouts/administrate/application (8.7ms)
  Rendered /home/spencerwu/.rvm/gems/ruby-2.3.0/gems/administrate-0.3.0/app/views/administrate/application/_stylesheet.html.erb (8.0ms)
  Rendered /home/spencerwu/.rvm/gems/ruby-2.3.0/gems/administrate-0.3.0/app/views/administrate/application/_sidebar.html.erb (1.3ms)
  Rendered /home/spencerwu/.rvm/gems/ruby-2.3.0/gems/administrate-0.3.0/app/views/administrate/application/_flashes.html.erb (0.3ms)
  Rendered /home/spencerwu/.rvm/gems/ruby-2.3.0/gems/administrate-0.3.0/app/views/administrate/application/_javascript.html.erb (11.1ms)
Completed 200 OK in 38ms (Views: 37.6ms | ActiveRecord: 0.2ms)


Started GET "/admin/products/new" for ::1 at 2017-02-14 17:12:21 +0800
Processing by Admin::ProductsController#new as HTML
  Rendering /home/spencerwu/.rvm/gems/ruby-2.3.0/gems/administrate-0.3.0/app/views/administrate/application/new.html.erb within layouts/administrate/application
  Rendered /home/spencerwu/.rvm/gems/ruby-2.3.0/gems/administrate-0.3.0/app/views/fields/string/_form.html.erb (4.7ms)
  Rendered /home/spencerwu/.rvm/gems/ruby-2.3.0/gems/administrate-0.3.0/app/views/fields/text/_form.html.erb (0.9ms)
  Rendered /home/spencerwu/.rvm/gems/ruby-2.3.0/gems/administrate-0.3.0/app/views/fields/number/_form.html.erb (0.5ms)
  Rendered fields/image_field/_form.html.erb (0.8ms)
  Rendered /home/spencerwu/.rvm/gems/ruby-2.3.0/gems/administrate-0.3.0/app/views/administrate/application/_form.html.erb (10.5ms)
  Rendered /home/spencerwu/.rvm/gems/ruby-2.3.0/gems/administrate-0.3.0/app/views/administrate/application/new.html.erb within layouts/administrate/application (13.1ms)
  Rendered /home/spencerwu/.rvm/gems/ruby-2.3.0/gems/administrate-0.3.0/app/views/administrate/application/_stylesheet.html.erb (9.2ms)
  Rendered /home/spencerwu/.rvm/gems/ruby-2.3.0/gems/administrate-0.3.0/app/views/administrate/application/_sidebar.html.erb (1.5ms)
  Rendered /home/spencerwu/.rvm/gems/ruby-2.3.0/gems/administrate-0.3.0/app/views/administrate/application/_flashes.html.erb (0.3ms)
  Rendered /home/spencerwu/.rvm/gems/ruby-2.3.0/gems/administrate-0.3.0/app/views/administrate/application/_javascript.html.erb (11.4ms)
Completed 200 OK in 51ms (Views: 45.1ms | ActiveRecord: 0.8ms)


Started POST "/admin/products" for ::1 at 2017-02-14 17:12:51 +0800
Processing by Admin::ProductsController#create as HTML
  Parameters: {"utf8"=>"✓", "authenticity_token"=>"3t/N7eTuyCVd/sQaBfC76B1vYIOb94sFhmtuUT0f2sTJej+M076Ii8P5atW/dzowkM0fmjaKepgvrxelWYJraQ==", "product"=>{"title"=>"test", "description"=>"test", "price"=>"123", "image"=>#<ActionDispatch::Http::UploadedFile:0x007f88de98c5d8 @tempfile=#<Tempfile:/tmp/RackMultipart20170214-24987-5ueoib.png>, @original_filename="Screenshot from 2017-01-06 02-53-38.png", @content_type="image/png", @headers="Content-Disposition: form-data; name=\"product[image]\"; filename=\"Screenshot from 2017-01-06 02-53-38.png\"\r\nContent-Type: image/png\r\n">}, "commit"=>"Create Product"}
  [1m[35m (0.2ms)[0m  [1m[36mbegin transaction[0m
  [1m[35mSQL (0.2ms)[0m  [1m[32mINSERT INTO "products" ("title", "image", "description", "price", "created_at", "updated_at") VALUES (?, ?, ?, ?, ?, ?)[0m  [["title", "test"], ["image", "Screenshot_from_2017-01-06_02-53-38.png"], ["description", "test"], ["price", 123], ["created_at", 2017-02-14 09:12:53 UTC], ["updated_at", 2017-02-14 09:12:53 UTC]]
  [1m[35m (73.8ms)[0m  [1m[36mcommit transaction[0m
Redirected to http://localhost:3000/admin/products/1
Completed 302 Found in 1811ms (ActiveRecord: 74.2ms)


Started GET "/admin/products/1" for ::1 at 2017-02-14 17:12:53 +0800
Processing by Admin::ProductsController#show as HTML
  Parameters: {"id"=>"1"}
  [1m[36mProduct Load (0.3ms)[0m  [1m[34mSELECT  "products".* FROM "products" WHERE "products"."id" = ? LIMIT ?[0m  [["id", 1], ["LIMIT", 1]]
  Rendering /home/spencerwu/.rvm/gems/ruby-2.3.0/gems/administrate-0.3.0/app/views/administrate/application/show.html.erb within layouts/administrate/application
  Rendered /home/spencerwu/.rvm/gems/ruby-2.3.0/gems/administrate-0.3.0/app/views/fields/number/_show.html.erb (0.5ms)
  Rendered /home/spencerwu/.rvm/gems/ruby-2.3.0/gems/administrate-0.3.0/app/views/fields/string/_show.html.erb (0.4ms)
  Rendered /home/spencerwu/.rvm/gems/ruby-2.3.0/gems/administrate-0.3.0/app/views/fields/text/_show.html.erb (0.4ms)
  Rendered /home/spencerwu/.rvm/gems/ruby-2.3.0/gems/administrate-0.3.0/app/views/fields/number/_show.html.erb (0.1ms)
  Rendered fields/image_field/_show.html.erb (0.5ms)
  Rendered /home/spencerwu/.rvm/gems/ruby-2.3.0/gems/administrate-0.3.0/app/views/fields/date_time/_show.html.erb (0.6ms)
  Rendered /home/spencerwu/.rvm/gems/ruby-2.3.0/gems/administrate-0.3.0/app/views/fields/date_time/_show.html.erb (0.2ms)
  Rendered /home/spencerwu/.rvm/gems/ruby-2.3.0/gems/administrate-0.3.0/app/views/administrate/application/show.html.erb within layouts/administrate/application (12.4ms)
  Rendered /home/spencerwu/.rvm/gems/ruby-2.3.0/gems/administrate-0.3.0/app/views/administrate/application/_stylesheet.html.erb (10.3ms)
  Rendered /home/spencerwu/.rvm/gems/ruby-2.3.0/gems/administrate-0.3.0/app/views/administrate/application/_sidebar.html.erb (1.5ms)
  Rendered /home/spencerwu/.rvm/gems/ruby-2.3.0/gems/administrate-0.3.0/app/views/administrate/application/_flashes.html.erb (0.4ms)
  Rendered /home/spencerwu/.rvm/gems/ruby-2.3.0/gems/administrate-0.3.0/app/views/administrate/application/_javascript.html.erb (10.7ms)
Completed 200 OK in 53ms (Views: 49.7ms | ActiveRecord: 0.3ms)


Started GET "/" for ::1 at 2017-02-14 17:12:57 +0800
Started GET "/pages/index" for ::1 at 2017-02-14 17:12:57 +0800
Processing by PagesController#index as HTML
  Rendering pages/index.html.erb within layouts/application
  [1m[36mProduct Load (0.1ms)[0m  [1m[34mSELECT "products".* FROM "products"[0m
  [1m[35m (0.1ms)[0m  [1m[34mSELECT COUNT(*) FROM "gallery_images"[0m
  [1m[36mGalleryImage Load (0.0ms)[0m  [1m[34mSELECT "gallery_images".* FROM "gallery_images"[0m
  Rendered pages/index.html.erb within layouts/application (8.2ms)
Completed 200 OK in 26ms (Views: 25.7ms | ActiveRecord: 0.2ms)


Started GET "/products" for ::1 at 2017-02-14 17:12:58 +0800
Processing by ProductsController#index as HTML
  Rendering products/index.html.erb within layouts/application
  [1m[36mProduct Load (0.1ms)[0m  [1m[34mSELECT "products".* FROM "products"[0m
  Rendered products/index.html.erb within layouts/application (2.0ms)
Completed 200 OK in 27ms (Views: 26.0ms | ActiveRecord: 0.1ms)


Started GET "/products/1" for ::1 at 2017-02-14 17:13:03 +0800
Processing by ProductsController#show as HTML
  Parameters: {"id"=>"1"}
  [1m[36mProduct Load (0.1ms)[0m  [1m[34mSELECT  "products".* FROM "products" WHERE "products"."id" = ? LIMIT ?[0m  [["id", 1], ["LIMIT", 1]]
  Rendering products/show.html.erb within layouts/application
  Rendered products/show.html.erb within layouts/application (2.1ms)
Completed 200 OK in 33ms (Views: 16.2ms | ActiveRecord: 0.6ms)


Started GET "/producasdfsfsdfsfts" for ::1 at 2017-02-14 17:13:28 +0800
  
ActionController::RoutingError (No route matches [GET] "/producasdfsfsdfsfts"):
  
actionpack (5.0.1) lib/action_dispatch/middleware/debug_exceptions.rb:53:in `call'
web-console (3.4.0) lib/web_console/middleware.rb:135:in `call_app'
web-console (3.4.0) lib/web_console/middleware.rb:28:in `block in call'
web-console (3.4.0) lib/web_console/middleware.rb:18:in `catch'
web-console (3.4.0) lib/web_console/middleware.rb:18:in `call'
actionpack (5.0.1) lib/action_dispatch/middleware/show_exceptions.rb:31:in `call'
railties (5.0.1) lib/rails/rack/logger.rb:36:in `call_app'
railties (5.0.1) lib/rails/rack/logger.rb:24:in `block in call'
activesupport (5.0.1) lib/active_support/tagged_logging.rb:69:in `block in tagged'
activesupport (5.0.1) lib/active_support/tagged_logging.rb:26:in `tagged'
activesupport (5.0.1) lib/active_support/tagged_logging.rb:69:in `tagged'
railties (5.0.1) lib/rails/rack/logger.rb:24:in `call'
sprockets-rails (3.2.0) lib/sprockets/rails/quiet_assets.rb:13:in `call'
actionpack (5.0.1) lib/action_dispatch/middleware/request_id.rb:24:in `call'
rack (2.0.1) lib/rack/method_override.rb:22:in `call'
rack (2.0.1) lib/rack/runtime.rb:22:in `call'
activesupport (5.0.1) lib/active_support/cache/strategy/local_cache_middleware.rb:28:in `call'
actionpack (5.0.1) lib/action_dispatch/middleware/executor.rb:12:in `call'
actionpack (5.0.1) lib/action_dispatch/middleware/static.rb:136:in `call'
rack (2.0.1) lib/rack/sendfile.rb:111:in `call'
railties (5.0.1) lib/rails/engine.rb:522:in `call'
puma (3.6.2) lib/puma/configuration.rb:225:in `call'
puma (3.6.2) lib/puma/server.rb:578:in `handle_request'
puma (3.6.2) lib/puma/server.rb:415:in `process_client'
puma (3.6.2) lib/puma/server.rb:275:in `block in run'
puma (3.6.2) lib/puma/thread_pool.rb:116:in `block in spawn_thread'
  Rendering /home/spencerwu/.rvm/gems/ruby-2.3.0/gems/actionpack-5.0.1/lib/action_dispatch/middleware/templates/rescues/routing_error.html.erb within rescues/layout
  Rendering /home/spencerwu/.rvm/gems/ruby-2.3.0/gems/actionpack-5.0.1/lib/action_dispatch/middleware/templates/rescues/_trace.html.erb
  Rendered /home/spencerwu/.rvm/gems/ruby-2.3.0/gems/actionpack-5.0.1/lib/action_dispatch/middleware/templates/rescues/_trace.html.erb (0.6ms)
  Rendered collection of /home/spencerwu/.rvm/gems/ruby-2.3.0/gems/actionpack-5.0.1/lib/action_dispatch/middleware/templates/routes/_route.html.erb [41 times] (7.5ms)
  Rendered /home/spencerwu/.rvm/gems/ruby-2.3.0/gems/actionpack-5.0.1/lib/action_dispatch/middleware/templates/routes/_table.html.erb (1.1ms)
  Rendering /home/spencerwu/.rvm/gems/ruby-2.3.0/gems/actionpack-5.0.1/lib/action_dispatch/middleware/templates/rescues/_request_and_response.html.erb
  Rendered /home/spencerwu/.rvm/gems/ruby-2.3.0/gems/actionpack-5.0.1/lib/action_dispatch/middleware/templates/rescues/_request_and_response.html.erb (0.6ms)
  Rendered /home/spencerwu/.rvm/gems/ruby-2.3.0/gems/actionpack-5.0.1/lib/action_dispatch/middleware/templates/rescues/routing_error.html.erb within rescues/layout (21.1ms)
Started PUT "/__web_console/repl_sessions/b25f2906a0aa74b11c464a25a6e5e992" for ::1 at 2017-02-14 17:13:38 +0800
Started PUT "/__web_console/repl_sessions/b25f2906a0aa74b11c464a25a6e5e992" for ::1 at 2017-02-14 17:13:39 +0800
Started PUT "/__web_console/repl_sessions/b25f2906a0aa74b11c464a25a6e5e992" for ::1 at 2017-02-14 17:13:54 +0800
Started GET "/products/1" for ::1 at 2017-02-14 17:14:25 +0800
Processing by ProductsController#show as HTML
  Parameters: {"id"=>"1"}
  [1m[36mProduct Load (0.1ms)[0m  [1m[34mSELECT  "products".* FROM "products" WHERE "products"."id" = ? LIMIT ?[0m  [["id", 1], ["LIMIT", 1]]
  Rendering products/show.html.erb within layouts/application
  Rendered products/show.html.erb within layouts/application (1.4ms)
Completed 200 OK in 20ms (Views: 18.0ms | ActiveRecord: 0.1ms)


Started GET "/products/1" for ::1 at 2017-02-14 17:16:17 +0800
Processing by ProductsController#show as HTML
  Parameters: {"id"=>"1"}
  [1m[36mProduct Load (0.1ms)[0m  [1m[34mSELECT  "products".* FROM "products" WHERE "products"."id" = ? LIMIT ?[0m  [["id", 1], ["LIMIT", 1]]
  Rendering products/show.html.erb within layouts/application
  Rendered products/show.html.erb within layouts/application (3.3ms)
Completed 200 OK in 30ms (Views: 27.7ms | ActiveRecord: 0.1ms)


Started GET "/pages/about" for ::1 at 2017-02-14 17:17:57 +0800
Processing by PagesController#about as HTML
  Rendering pages/about.html.erb within layouts/application
  Rendered pages/about.html.erb within layouts/application (1.6ms)
Completed 200 OK in 17ms (Views: 16.9ms | ActiveRecord: 0.0ms)


Started GET "/products" for ::1 at 2017-02-14 17:17:59 +0800
Processing by ProductsController#index as HTML
  Rendering products/index.html.erb within layouts/application
  [1m[36mProduct Load (0.2ms)[0m  [1m[34mSELECT "products".* FROM "products"[0m
  Rendered products/index.html.erb within layouts/application (2.5ms)
Completed 200 OK in 35ms (Views: 34.3ms | ActiveRecord: 0.2ms)


Started GET "/" for ::1 at 2017-02-14 17:18:04 +0800
Started GET "/pages/index" for ::1 at 2017-02-14 17:18:04 +0800
Processing by PagesController#index as HTML
  Rendering pages/index.html.erb within layouts/application
  [1m[36mProduct Load (0.1ms)[0m  [1m[34mSELECT "products".* FROM "products"[0m
  [1m[35m (0.1ms)[0m  [1m[34mSELECT COUNT(*) FROM "gallery_images"[0m
  [1m[36mGalleryImage Load (0.0ms)[0m  [1m[34mSELECT "gallery_images".* FROM "gallery_images"[0m
  Rendered pages/index.html.erb within layouts/application (7.9ms)
Completed 200 OK in 24ms (Views: 23.2ms | ActiveRecord: 0.2ms)


  
  
ActionController::RoutingError (No route matches [GET] "/assets/main.css.map"):
ActionController::RoutingError (No route matches [GET] "/assets/basic.css.map"):
  
  
actionpack (5.0.1) lib/action_dispatch/middleware/debug_exceptions.rb:53:in `call'
web-console (3.4.0) lib/web_console/middleware.rb:135:in `call_app'
web-console (3.4.0) lib/web_console/middleware.rb:28:in `block in call'
web-console (3.4.0) lib/web_console/middleware.rb:18:in `catch'
web-console (3.4.0) lib/web_console/middleware.rb:18:in `call'
actionpack (5.0.1) lib/action_dispatch/middleware/show_exceptions.rb:31:in `call'
railties (5.0.1) lib/rails/rack/logger.rb:36:in `call_app'
railties (5.0.1) lib/rails/rack/logger.rb:24:in `block in call'
activesupport (5.0.1) lib/active_support/tagged_logging.rb:69:in `block in tagged'
activesupport (5.0.1) lib/active_support/tagged_logging.rb:26:in `tagged'
activesupport (5.0.1) lib/active_support/tagged_logging.rb:69:in `tagged'
railties (5.0.1) lib/rails/rack/logger.rb:24:in `call'
sprockets-rails (3.2.0) lib/sprockets/rails/quiet_assets.rb:11:in `block in call'
activesupport (5.0.1) lib/active_support/logger_silence.rb:20:in `silence'
activesupport (5.0.1) lib/active_support/logger.rb:63:in `block (3 levels) in broadcast'
activesupport (5.0.1) lib/active_support/logger_silence.rb:20:in `silence'
activesupport (5.0.1) lib/active_support/logger.rb:61:in `block (2 levels) in broadcast'
sprockets-rails (3.2.0) lib/sprockets/rails/quiet_assets.rb:11:in `call'
actionpack (5.0.1) lib/action_dispatch/middleware/request_id.rb:24:in `call'
rack (2.0.1) lib/rack/method_override.rb:22:in `call'
rack (2.0.1) lib/rack/runtime.rb:22:in `call'
activesupport (5.0.1) lib/active_support/cache/strategy/local_cache_middleware.rb:28:in `call'
actionpack (5.0.1) lib/action_dispatch/middleware/executor.rb:12:in `call'
actionpack (5.0.1) lib/action_dispatch/middleware/static.rb:136:in `call'
rack (2.0.1) lib/rack/sendfile.rb:111:in `call'
railties (5.0.1) lib/rails/engine.rb:522:in `call'
puma (3.6.2) lib/puma/configuration.rb:225:in `call'
puma (3.6.2) lib/puma/server.rb:578:in `handle_request'
puma (3.6.2) lib/puma/server.rb:415:in `process_client'
puma (3.6.2) lib/puma/server.rb:275:in `block in run'
puma (3.6.2) lib/puma/thread_pool.rb:116:in `block in spawn_thread'
actionpack (5.0.1) lib/action_dispatch/middleware/debug_exceptions.rb:53:in `call'
web-console (3.4.0) lib/web_console/middleware.rb:135:in `call_app'
web-console (3.4.0) lib/web_console/middleware.rb:28:in `block in call'
web-console (3.4.0) lib/web_console/middleware.rb:18:in `catch'
web-console (3.4.0) lib/web_console/middleware.rb:18:in `call'
actionpack (5.0.1) lib/action_dispatch/middleware/show_exceptions.rb:31:in `call'
railties (5.0.1) lib/rails/rack/logger.rb:36:in `call_app'
railties (5.0.1) lib/rails/rack/logger.rb:24:in `block in call'
activesupport (5.0.1) lib/active_support/tagged_logging.rb:69:in `block in tagged'
activesupport (5.0.1) lib/active_support/tagged_logging.rb:26:in `tagged'
activesupport (5.0.1) lib/active_support/tagged_logging.rb:69:in `tagged'
railties (5.0.1) lib/rails/rack/logger.rb:24:in `call'
sprockets-rails (3.2.0) lib/sprockets/rails/quiet_assets.rb:11:in `block in call'
activesupport (5.0.1) lib/active_support/logger_silence.rb:20:in `silence'
activesupport (5.0.1) lib/active_support/logger.rb:63:in `block (3 levels) in broadcast'
activesupport (5.0.1) lib/active_support/logger_silence.rb:20:in `silence'
activesupport (5.0.1) lib/active_support/logger.rb:61:in `block (2 levels) in broadcast'
sprockets-rails (3.2.0) lib/sprockets/rails/quiet_assets.rb:11:in `call'
actionpack (5.0.1) lib/action_dispatch/middleware/request_id.rb:24:in `call'
rack (2.0.1) lib/rack/method_override.rb:22:in `call'
rack (2.0.1) lib/rack/runtime.rb:22:in `call'
activesupport (5.0.1) lib/active_support/cache/strategy/local_cache_middleware.rb:28:in `call'
actionpack (5.0.1) lib/action_dispatch/middleware/executor.rb:12:in `call'
actionpack (5.0.1) lib/action_dispatch/middleware/static.rb:136:in `call'
rack (2.0.1) lib/rack/sendfile.rb:111:in `call'
railties (5.0.1) lib/rails/engine.rb:522:in `call'
puma (3.6.2) lib/puma/configuration.rb:225:in `call'
puma (3.6.2) lib/puma/server.rb:578:in `handle_request'
puma (3.6.2) lib/puma/server.rb:415:in `process_client'
puma (3.6.2) lib/puma/server.rb:275:in `block in run'
puma (3.6.2) lib/puma/thread_pool.rb:116:in `block in spawn_thread'
Started GET "/producasdfsfsdfsfts" for ::1 at 2017-02-14 17:20:58 +0800
  [1m[36mActiveRecord::SchemaMigration Load (0.1ms)[0m  [1m[34mSELECT "schema_migrations".* FROM "schema_migrations"[0m
  
ActionController::RoutingError (No route matches [GET] "/producasdfsfsdfsfts"):
  
actionpack (5.0.1) lib/action_dispatch/middleware/debug_exceptions.rb:53:in `call'
web-console (3.4.0) lib/web_console/middleware.rb:135:in `call_app'
web-console (3.4.0) lib/web_console/middleware.rb:28:in `block in call'
web-console (3.4.0) lib/web_console/middleware.rb:18:in `catch'
web-console (3.4.0) lib/web_console/middleware.rb:18:in `call'
actionpack (5.0.1) lib/action_dispatch/middleware/show_exceptions.rb:31:in `call'
railties (5.0.1) lib/rails/rack/logger.rb:36:in `call_app'
railties (5.0.1) lib/rails/rack/logger.rb:24:in `block in call'
activesupport (5.0.1) lib/active_support/tagged_logging.rb:69:in `block in tagged'
activesupport (5.0.1) lib/active_support/tagged_logging.rb:26:in `tagged'
activesupport (5.0.1) lib/active_support/tagged_logging.rb:69:in `tagged'
railties (5.0.1) lib/rails/rack/logger.rb:24:in `call'
sprockets-rails (3.2.0) lib/sprockets/rails/quiet_assets.rb:13:in `call'
actionpack (5.0.1) lib/action_dispatch/middleware/request_id.rb:24:in `call'
rack (2.0.1) lib/rack/method_override.rb:22:in `call'
rack (2.0.1) lib/rack/runtime.rb:22:in `call'
activesupport (5.0.1) lib/active_support/cache/strategy/local_cache_middleware.rb:28:in `call'
actionpack (5.0.1) lib/action_dispatch/middleware/executor.rb:12:in `call'
actionpack (5.0.1) lib/action_dispatch/middleware/static.rb:136:in `call'
rack (2.0.1) lib/rack/sendfile.rb:111:in `call'
railties (5.0.1) lib/rails/engine.rb:522:in `call'
puma (3.6.2) lib/puma/configuration.rb:225:in `call'
puma (3.6.2) lib/puma/server.rb:578:in `handle_request'
puma (3.6.2) lib/puma/server.rb:415:in `process_client'
puma (3.6.2) lib/puma/server.rb:275:in `block in run'
puma (3.6.2) lib/puma/thread_pool.rb:116:in `block in spawn_thread'
  Rendering /home/spencerwu/.rvm/gems/ruby-2.3.0/gems/actionpack-5.0.1/lib/action_dispatch/middleware/templates/rescues/routing_error.html.erb within rescues/layout
  Rendering /home/spencerwu/.rvm/gems/ruby-2.3.0/gems/actionpack-5.0.1/lib/action_dispatch/middleware/templates/rescues/_trace.html.erb
  Rendered /home/spencerwu/.rvm/gems/ruby-2.3.0/gems/actionpack-5.0.1/lib/action_dispatch/middleware/templates/rescues/_trace.html.erb (1.4ms)
  Rendered collection of /home/spencerwu/.rvm/gems/ruby-2.3.0/gems/actionpack-5.0.1/lib/action_dispatch/middleware/templates/routes/_route.html.erb [41 times] (9.2ms)
  Rendered /home/spencerwu/.rvm/gems/ruby-2.3.0/gems/actionpack-5.0.1/lib/action_dispatch/middleware/templates/routes/_table.html.erb (6.1ms)
  Rendering /home/spencerwu/.rvm/gems/ruby-2.3.0/gems/actionpack-5.0.1/lib/action_dispatch/middleware/templates/rescues/_request_and_response.html.erb
  Rendered /home/spencerwu/.rvm/gems/ruby-2.3.0/gems/actionpack-5.0.1/lib/action_dispatch/middleware/templates/rescues/_request_and_response.html.erb (6.1ms)
  Rendered /home/spencerwu/.rvm/gems/ruby-2.3.0/gems/actionpack-5.0.1/lib/action_dispatch/middleware/templates/rescues/routing_error.html.erb within rescues/layout (39.7ms)
Started GET "/products/1" for ::1 at 2017-02-14 17:21:08 +0800
Processing by ProductsController#show as HTML
  Parameters: {"id"=>"1"}
  [1m[36mProduct Load (0.2ms)[0m  [1m[34mSELECT  "products".* FROM "products" WHERE "products"."id" = ? LIMIT ?[0m  [["id", 1], ["LIMIT", 1]]
  Rendering products/show.html.erb within layouts/application
  Rendered products/show.html.erb within layouts/application (3.6ms)
Completed 200 OK in 176ms (Views: 147.4ms | ActiveRecord: 1.2ms)


